# Server version 0.08 running on humams-mbp:8123
# Game ID: 40
# Board class: pentago_swap.PentagoBoard
# Timeout: 2000
# First Move Timeout: 30000
# Date: Mon Apr 08 00:15:39 EDT 2019
# Player 1: Player-0, 'Human', running on humams-mbp
# Player 2: Player-1, '260751294', running on humams-mbp
START Player-0 Human
START Player-1 260751294
1 3 TR TL 0
0 0 TL BR 1
2 3 TL TR 0
0 1 TL BR 1
1 1 BR TR 0
0 2 TL BL 1
3 1 BR TR 0
0 0 TL TR 1
2 1 TR BR 0
0 0 TL TR 1
2 1 TR BR 0
0 0 TL BL 1
5 2 TR TL 0
0 1 TL TR 1
5 3 TR TL 0
GAMEOVER WINNER 0
# Game ended: Mon Apr 08 00:16:10 EDT 2019
