# Server version 0.08 running on humams-macbook-pro.local:8123
# Game ID: 148
# Board class: pentago_swap.PentagoBoard
# Timeout: 2000
# First Move Timeout: 30000
# Date: Tue Apr 09 21:32:47 EDT 2019
# Player 1: Player-0, '260751294', running on humams-macbook-pro.local
# Player 2: Player-1, 'RandomPlayer', running on humams-macbook-pro.local
START Player-0 260751294
START Player-1 RandomPlayer
5 2 TR BR 0
0 1 TR BR 1
0 4 TL TR 0
3 2 TL TR 1
4 0 BL BR 0
1 5 BL BR 1
2 1 TL BL 0
3 5 TL BL 1
5 3 BL BR 0
5 3 BL BR 1
1 4 TL TR 0
3 1 TL TR 1
GAMEOVER TIMEOUT WINNER 1
# Game ended: Tue Apr 09 21:32:50 EDT 2019
