# Server version 0.08 running on humams-macbook-pro.local:8123
# Game ID: 257
# Board class: pentago_swap.PentagoBoard
# Timeout: 2000
# First Move Timeout: 30000
# Date: Wed Apr 10 18:23:14 EDT 2019
# Player 1: Player-0, '260751294', running on humams-macbook-pro.local
# Player 2: Player-1, 'RandomPlayer', running on humams-macbook-pro.local
START Player-0 260751294
START Player-1 RandomPlayer
0 0 TL BL 0
0 1 TR BR 1
0 0 TL BL 0
3 3 TL TR 1
0 0 TL BL 0
2 0 BL BR 1
0 2 TL BL 0
3 5 TL BL 1
0 4 TL BL 0
5 4 BL BR 1
0 1 TL BL 0
4 0 TL TR 1
0 2 TL BL 0
1 3 BL BR 1
0 2 TL BL 0
GAMEOVER WINNER 0
# Game ended: Wed Apr 10 18:23:15 EDT 2019
