# Server version 0.08 running on humams-macbook-pro.local:8123
# Game ID: 241
# Board class: pentago_swap.PentagoBoard
# Timeout: 2000
# First Move Timeout: 30000
# Date: Wed Apr 10 18:00:43 EDT 2019
# Player 1: Player-0, '260751294', running on humams-macbook-pro.local
# Player 2: Player-1, 'RandomPlayer', running on humams-macbook-pro.local
START Player-0 260751294
START Player-1 RandomPlayer
0 3 TL TR 0
0 2 TR BR 1
3 0 TL BL 0
3 3 TL TR 1
4 0 TL TR 0
1 4 BL BR 1
3 4 TR BR 0
3 5 TL BL 1
3 3 TR BR 0
5 4 BL BR 1
1 5 TR BR 0
2 4 TL TR 1
0 4 TR BR 0
1 1 BL BR 1
4 2 TL TR 0
5 2 TR BR 1
5 0 TL TR 0
2 2 TL BR 1
1 2 TR BL 0
4 4 TR BR 1
0 1 TL BL 0
3 2 TL TR 1
0 4 TL TR 0
4 0 TR BR 1
1 0 TL BR 0
5 3 BL BR 1
0 5 TL BL 0
GAMEOVER WINNER 0
# Game ended: Wed Apr 10 18:00:43 EDT 2019
