# Server version 0.08 running on humams-macbook-pro.local:8123
# Game ID: 277
# Board class: pentago_swap.PentagoBoard
# Timeout: 2000
# First Move Timeout: 30000
# Date: Wed Apr 10 18:29:56 EDT 2019
# Player 1: Player-0, 'Human', running on humams-macbook-pro.local
# Player 2: Player-1, '260751294', running on humams-macbook-pro.local
START Player-0 Human
START Player-1 260751294
1 2 BL TR 0
0 0 TL BL 1
3 2 TL BR 0
0 0 TR BR 1
2 2 BR TR 0
0 1 TL BL 1
2 2 BL TR 0
0 1 TL BL 1
2 2 BR TL 0
0 0 TL BL 1
3 2 BR BL 0
0 5 TL BL 1
1 2 BR TR 0
GAMEOVER WINNER 0
# Game ended: Wed Apr 10 18:30:13 EDT 2019
