# Server version 0.08 running on humams-mbp:8123
# Game ID: 12
# Board class: pentago_swap.PentagoBoard
# Timeout: 2000
# First Move Timeout: 30000
# Date: Sun Apr 07 22:45:19 EDT 2019
# Player 1: Player-0, '260751294', running on humams-mbp
# Player 2: Player-1, 'RandomPlayer', running on humams-mbp
START Player-0 260751294
START Player-1 RandomPlayer
0 0 TL TR 0
0 1 TR BR 1
0 3 TR BL 0
3 2 TL TR 1
0 0 TR BL 0
2 0 BL BR 1
0 1 TL BL 0
3 5 TL BL 1
1 0 BL BR 0
5 4 BL BR 1
0 2 TR BL 0
4 1 TL TR 1
0 1 TR BL 0
1 2 BL BR 1
1 0 BL BR 0
5 3 TR BR 1
1 1 TR BR 0
2 2 TL BR 1
GAMEOVER WINNER 0
# Game ended: Sun Apr 07 22:45:19 EDT 2019
