# Server version 0.08 running on humams-mbp:8123
# Game ID: 39
# Board class: pentago_swap.PentagoBoard
# Timeout: 2000
# First Move Timeout: 30000
# Date: Mon Apr 08 00:14:21 EDT 2019
# Player 1: Player-0, 'Human', running on humams-mbp
# Player 2: Player-1, '260751294', running on humams-mbp
START Player-0 Human
START Player-1 260751294
1 3 TR BL 0
0 0 TL TR 1
3 1 TL BL 0
0 0 TL BL 1
2 2 TL BL 0
0 2 TL TR 1
2 2 TL BL 0
0 0 TL TR 1
1 2 TL BL 0
0 1 TL BR 1
2 2 TR BR 0
0 0 TR BL 1
3 2 BR TR 0
0 1 TL TR 1
4 2 BR TR 0
0 1 TR BL 1
3 5 BR TR 0
0 2 TL TR 1
1 5 TR BR 0
1 0 TL TR 1
4 4 TL TR 0
1 1 TL TR 1
4 3 TL TR 0
1 2 TL TR 1
4 1 TL TR 0
GAMEOVER WINNER 0
# Game ended: Mon Apr 08 00:15:20 EDT 2019
