# Server version 0.08 running on humams-macbook-pro.local:8123
# Game ID: 282
# Board class: pentago_swap.PentagoBoard
# Timeout: 2000
# First Move Timeout: 30000
# Date: Wed Apr 10 18:32:58 EDT 2019
# Player 1: Player-0, 'RandomPlayer', running on humams-macbook-pro.local
# Player 2: Player-1, '260751294', running on humams-macbook-pro.local
START Player-0 RandomPlayer
START Player-1 260751294
5 2 TR BR 0
0 0 TL BL 1
0 3 TL TR 0
0 1 TL BL 1
4 1 BL BR 0
0 1 TL BL 1
1 4 TL BL 0
0 2 TL BL 1
5 3 BL BR 0
0 0 TL BL 1
2 1 TL TR 0
0 0 TL BL 1
0 1 BL BR 0
0 2 TL BL 1
5 1 TR BR 0
0 4 TL BL 1
1 5 TL BR 0
0 2 TL BL 1
GAMEOVER WINNER 1
# Game ended: Wed Apr 10 18:32:59 EDT 2019
