# Server version 0.08 running on humams-macbook-pro.local:8123
# Game ID: 213
# Board class: pentago_swap.PentagoBoard
# Timeout: 2000
# First Move Timeout: 30000
# Date: Wed Apr 10 17:46:03 EDT 2019
# Player 1: Player-0, '260751294', running on humams-macbook-pro.local
# Player 2: Player-1, 'RandomPlayer', running on humams-macbook-pro.local
START Player-0 260751294
START Player-1 RandomPlayer
0 0 TL BR 0
0 1 TR BR 1
0 0 TL TR 0
3 3 TL TR 1
1 5 TR BR 0
2 0 BL BR 1
3 2 TL TR 0
3 5 TL BL 1
0 5 BL BR 0
5 4 BL BR 1
3 4 TL BL 0
4 0 TL TR 1
3 3 BL BR 0
1 2 BL BR 1
2 5 TL TR 0
5 3 TR BR 1
4 1 BL BR 0
1 3 TL BR 1
4 3 TR BR 0
4 4 TR BR 1
4 0 TL BR 0
2 5 TL TR 1
0 5 TR BR 0
4 1 TR BR 1
1 2 TL TR 0
5 3 BL BR 1
2 0 TR BR 0
1 2 TR BR 1
0 1 BL BR 0
5 1 TL BL 1
3 4 TR BR 0
2 2 TL TR 1
2 2 TL BL 0
GAMEOVER WINNER 0
# Game ended: Wed Apr 10 17:46:04 EDT 2019
