# Server version 0.08 running on humams-macbook-pro.local:8123
# Game ID: 80
# Board class: pentago_swap.PentagoBoard
# Timeout: 2000
# First Move Timeout: 30000
# Date: Mon Apr 08 11:41:13 EDT 2019
# Player 1: Player-0, 'RandomPlayer', running on humams-macbook-pro.local
# Player 2: Player-1, '260751294', running on humams-macbook-pro.local
START Player-0 RandomPlayer
START Player-1 260751294
5 2 TR BR 0
0 0 TL TR 1
0 4 TL TR 0
0 2 TR BR 1
4 0 BL BR 0
0 3 TL BR 1
2 0 TL BL 0
0 0 TL BL 1
5 3 BL BR 0
0 0 TL BL 1
2 1 TL TR 0
0 1 TR BR 1
0 2 BL BR 0
0 4 TL TR 1
4 4 TR BR 0
0 2 TL TR 1
1 5 TL BR 0
1 0 TL TR 1
GAMEOVER WINNER 1
# Game ended: Mon Apr 08 11:41:14 EDT 2019
