# Server version 0.08 running on 142.157.100.85:8123
# Game ID: 294
# Board class: pentago_swap.PentagoBoard
# Timeout: 2000
# First Move Timeout: 30000
# Date: Wed Apr 10 18:49:47 EDT 2019
# Player 1: Player-0, '260751294', running on 142.157.100.85
# Player 2: Player-1, 'Human', running on 142.157.100.85
START Player-0 260751294
START Player-1 Human
0 0 TL BL 0
2 3 BL TR 1
0 0 TL TR 0
0 1 BL TL 1
0 0 TL BL 0
0 2 TL TR 1
0 1 TL BL 0
1 3 TL BR 1
0 0 TL BL 0
2 2 BL BR 1
0 2 TL BL 0
3 4 TR BR 1
0 1 TL BL 0
3 2 BL TL 1
0 5 TL BL 0
2 4 TR BR 1
1 0 TL BL 0
2 4 TR BR 1
1 0 TL BL 0
1 4 BR TR 1
1 1 TL BL 0
1 4 BR TR 1
GAMEOVER WINNER 1
# Game ended: Wed Apr 10 18:50:16 EDT 2019
