# Server version 0.08 running on humams-mbp:8123
# Game ID: 31
# Board class: pentago_swap.PentagoBoard
# Timeout: 2000
# First Move Timeout: 30000
# Date: Mon Apr 08 00:00:09 EDT 2019
# Player 1: Player-0, '260751294', running on humams-mbp
# Player 2: Player-1, '260751294', running on humams-mbp
START Player-0 260751294
START Player-1 260751294
0 0 TL BR 0
0 0 TL TR 1
0 0 TR BL 0
0 1 TR BL 1
0 2 TL BL 0
0 0 TL BL 1
0 4 TL TR 0
0 2 TL TR 1
1 0 TL TR 0
1 0 TL BL 1
0 1 TR BL 0
0 2 TR BL 1
1 0 TL TR 0
1 1 TL TR 1
1 1 TL BL 0
1 1 TL BR 1
0 1 BL BR 0
0 2 TL TR 1
1 2 TR BL 0
1 5 TL BR 1
1 2 TL TR 0
2 0 TL TR 1
2 0 TL TR 0
2 1 TL TR 1
2 1 TL BR 0
2 0 TL TR 1
2 2 TR BR 0
2 5 TL TR 1
4 0 TL TR 0
GAMEOVER WINNER 0
# Game ended: Mon Apr 08 00:00:13 EDT 2019
