# Server version 0.08 running on 142.157.100.85:8123
# Game ID: 293
# Board class: pentago_swap.PentagoBoard
# Timeout: 2000
# First Move Timeout: 30000
# Date: Wed Apr 10 18:49:17 EDT 2019
# Player 1: Player-0, 'Human', running on 142.157.100.85
# Player 2: Player-1, '260751294', running on 142.157.100.85
START Player-0 Human
START Player-1 260751294
2 4 TR BL 0
0 0 TL BL 1
1 2 TR BL 0
0 0 TL TR 1
3 3 TL TR 0
0 1 TL BL 1
2 4 TL TR 0
0 1 TL BL 1
4 4 TL TR 0
0 0 TL BL 1
4 2 TR BR 0
0 2 TL BL 1
GAMEOVER WINNER 1
# Game ended: Wed Apr 10 18:49:34 EDT 2019
