# Server version 0.08 running on humams-macbook-pro.local:8123
# Game ID: 217
# Board class: pentago_swap.PentagoBoard
# Timeout: 2000
# First Move Timeout: 30000
# Date: Wed Apr 10 17:48:53 EDT 2019
# Player 1: Player-0, 'RandomPlayer', running on humams-macbook-pro.local
# Player 2: Player-1, '260751294', running on humams-macbook-pro.local
START Player-0 RandomPlayer
START Player-1 260751294
5 2 TR BR 0
0 0 TL TR 1
0 4 TL TR 0
0 2 TR BR 1
4 0 BL BR 0
2 4 TR BR 1
2 2 TL BL 0
0 5 TL TR 1
5 1 BL BR 0
0 5 BL BR 1
1 5 TL TR 0
4 4 TL BL 1
0 3 BL BR 0
3 1 BL BR 1
5 1 TR BR 0
3 0 TL TR 1
1 4 TL BR 0
4 5 BL BR 1
5 2 TR BR 0
3 0 TR BR 1
5 0 TL TR 0
4 0 TL BR 1
4 3 TR BR 0
3 2 TR BR 1
1 4 BL BR 0
4 2 TL TR 1
1 2 TR BR 0
4 4 TR BR 1
0 4 TL BL 0
2 5 BL BR 1
GAMEOVER WINNER 0
# Game ended: Wed Apr 10 17:48:54 EDT 2019
