# Server version 0.08 running on 142.157.100.100:8123
# Game ID: 137
# Board class: pentago_swap.PentagoBoard
# Timeout: 2000
# First Move Timeout: 30000
# Date: Mon Apr 08 21:28:34 EDT 2019
# Player 1: Player-0, '260726480', running on 142.157.100.100
# Player 2: Player-1, '260726480', running on 142.157.100.100
START Player-0 260726480
START Player-1 260726480
1 1 TL TR 0
1 1 TL TR 1
4 4 TL TR 0
0 0 TL TR 1
0 0 TL TR 0
4 1 TL TR 1
3 2 TL TR 0
2 2 TL TR 1
2 2 TL TR 0
3 3 TL TR 1
5 5 TL TR 0
2 4 TR BR 1
2 0 TR BR 0
4 3 TL TR 1
1 5 TL TR 0
0 2 BL BR 1
3 2 TL TR 0
3 3 TL TR 1
GAMEOVER WINNER 1
# Game ended: Mon Apr 08 21:28:34 EDT 2019
