# Server version 0.08 running on 142.157.100.100:8123
# Game ID: 139
# Board class: pentago_swap.PentagoBoard
# Timeout: 2000
# First Move Timeout: 30000
# Date: Mon Apr 08 21:29:13 EDT 2019
# Player 1: Player-0, 'RandomPlayer', running on 142.157.100.100
# Player 2: Player-1, '260726480', running on 142.157.100.100
START Player-0 RandomPlayer
START Player-1 260726480
5 2 TR BR 0
1 1 TL TR 1
0 3 TL TR 0
4 4 TL TR 1
3 5 BL BR 0
1 1 TL TR 1
2 1 TL BL 0
4 4 TL TR 1
5 2 BL BR 0
0 0 TL TR 1
2 0 TL TR 0
3 2 TL TR 1
0 0 BL BR 0
3 2 TL TR 1
4 5 TR BR 0
2 2 TL TR 1
1 3 TL BR 0
2 2 TL TR 1
5 0 TR BR 0
0 1 TL TR 1
4 3 TL TR 0
0 2 TL TR 1
4 2 TR BR 0
0 0 TL TR 1
GAMEOVER WINNER 1
# Game ended: Mon Apr 08 21:29:14 EDT 2019
