# Server version 0.08 running on 10.0.9.216:8123
# Game ID: 7
# Board class: pentago_swap.PentagoBoard
# Timeout: 2000
# First Move Timeout: 30000
# Date: Sat Mar 30 16:21:07 EDT 2019
# Player 1: Player-0, 'RandomPlayer', running on 10.0.9.216
# Player 2: Player-1, 'Human', running on 10.0.9.216
START Player-0 RandomPlayer
START Player-1 Human
5 2 TR BR 0
4 2 BL BR 1
0 3 TL TR 0
4 1 TR BL 1
3 5 BL BR 0
2 2 BR TR 1
1 5 TL BL 0
3 4 TR BR 1
5 3 BL BR 0
1 3 BL TL 1
2 1 TL TR 0
2 2 TR BR 1
0 0 BL BR 0
5 2 BL TL 1
5 0 TR BR 0
1 3 TR BL 1
1 1 TL BR 0
3 1 BL TR 1
GAMEOVER WINNER 1
# Game ended: Sat Mar 30 16:21:45 EDT 2019
