# Server version 0.08 running on humams-mbp:8123
# Game ID: 27
# Board class: pentago_swap.PentagoBoard
# Timeout: 2000
# First Move Timeout: 30000
# Date: Sun Apr 07 22:52:34 EDT 2019
# Player 1: Player-0, '260751294', running on humams-mbp
# Player 2: Player-1, 'RandomPlayer', running on humams-mbp
START Player-0 260751294
START Player-1 RandomPlayer
0 0 TL BR 0
0 1 TR BR 1
0 0 TL TR 0
3 3 TL TR 1
0 2 TL BL 0
1 4 BL BR 1
0 0 TL TR 0
4 0 TL BL 1
0 1 TL BL 0
5 4 BL BR 1
0 1 TL TR 0
3 5 TL TR 1
0 2 TL BL 0
1 2 BL BR 1
0 4 TL TR 0
5 3 TR BR 1
0 2 TL TR 0
GAMEOVER WINNER 0
# Game ended: Sun Apr 07 22:52:36 EDT 2019
