# Server version 0.08 running on 10.0.9.216:8123
# Game ID: 5
# Board class: pentago_swap.PentagoBoard
# Timeout: 2000
# First Move Timeout: 30000
# Date: Sat Mar 30 16:19:33 EDT 2019
# Player 1: Player-0, 'Human', running on 10.0.9.216
# Player 2: Player-1, 'RandomPlayer', running on 10.0.9.216
START Player-0 Human
START Player-1 RandomPlayer
3 3 BR TL 0
0 2 TR BR 1
1 4 TR BL 0
3 2 TL TR 1
2 1 TR TL 0
1 5 BL BR 1
3 4 BL TL 0
3 3 TL BL 1
1 4 TL BL 0
5 4 BL BR 1
3 4 TL BR 0
3 5 TL TR 1
0 2 TR BR 0
1 0 BL BR 1
0 1 TR BL 0
5 2 TR BR 1
4 4 BL BR 0
GAMEOVER WINNER 0
# Game ended: Sat Mar 30 16:20:34 EDT 2019
